<?xml version="1.0" encoding="UTF-8"?>
<!-- Generated by org.testng.reporters.JUnitReportReporter -->
<testsuite hostname="growlt105" failures="0" tests="2" name="runner.RunCuke" time="28.455" errors="0" timestamp="2022-10-17T16:53:11 IST" skipped="0">
  <testcase classname="runner.RunCuke" name="runScenario" time="13.903"/>
  <system-out/>
  <testcase classname="runner.RunCuke" name="runScenario" time="14.552"/>
  <system-out/>
</testsuite> <!-- runner.RunCuke -->
